{"/Users/jaredhanson/Projects/node/passport-google-oauth2/lib/strategy.js":{"path":"/Users/jaredhanson/Projects/node/passport-google-oauth2/lib/strategy.js","s":{"1":1,"2":1,"3":16,"4":16,"5":16,"6":16,"7":16,"8":15,"9":15,"10":15,"11":15,"12":12,"13":3,"14":1,"15":1,"16":6,"17":6,"18":6,"19":6,"20":3,"21":2,"22":2,"23":3,"24":1,"25":2,"26":1,"27":1,"28":3,"29":3,"30":1,"31":2,"32":2,"33":1,"34":1,"35":1,"36":1,"37":2,"38":2,"39":2,"40":2,"41":1,"42":8,"43":8,"44":1,"45":8,"46":1,"47":8,"48":1,"49":8,"50":1,"51":8,"52":1,"53":8,"54":2,"55":8,"56":1,"57":8,"58":1,"59":8,"60":1,"61":8,"62":1,"63":8,"64":1},"b":{"1":[16,1],"2":[16,16],"3":[16,16],"4":[15,12],"5":[12,3],"6":[3,3],"7":[2,1],"8":[1,2],"9":[3,2,2],"10":[1,1],"11":[2,1,1],"12":[1,1],"13":[1,7],"14":[1,7],"15":[1,7],"16":[1,7],"17":[1,7],"18":[2,6],"19":[8,7],"20":[2,1],"21":[1,7],"22":[1,7],"23":[1,7],"24":[1,7]},"f":{"1":16,"2":6,"3":6,"4":8},"fnMap":{"1":{"name":"Strategy","line":47,"loc":{"start":{"line":47,"column":0},"end":{"line":47,"column":35}}},"2":{"name":"(anonymous_2)","line":84,"loc":{"start":{"line":84,"column":33},"end":{"line":84,"column":61}}},"3":{"name":"(anonymous_3)","line":86,"loc":{"start":{"line":86,"column":54},"end":{"line":86,"column":80}}},"4":{"name":"(anonymous_4)","line":136,"loc":{"start":{"line":136,"column":41},"end":{"line":136,"column":59}}}},"statementMap":{"1":{"start":{"line":2,"column":0},"end":{"line":9,"column":54}},"2":{"start":{"line":47,"column":0},"end":{"line":64,"column":1}},"3":{"start":{"line":48,"column":2},"end":{"line":48,"column":34}},"4":{"start":{"line":50,"column":2},"end":{"line":50,"column":26}},"5":{"start":{"line":51,"column":2},"end":{"line":51,"column":104}},"6":{"start":{"line":52,"column":2},"end":{"line":52,"column":86}},"7":{"start":{"line":54,"column":2},"end":{"line":54,"column":45}},"8":{"start":{"line":55,"column":2},"end":{"line":55,"column":23}},"9":{"start":{"line":56,"column":2},"end":{"line":56,"column":99}},"10":{"start":{"line":58,"column":2},"end":{"line":58,"column":44}},"11":{"start":{"line":59,"column":2},"end":{"line":63,"column":3}},"12":{"start":{"line":60,"column":4},"end":{"line":60,"column":39}},"13":{"start":{"line":62,"column":4},"end":{"line":62,"column":40}},"14":{"start":{"line":67,"column":0},"end":{"line":67,"column":40}},"15":{"start":{"line":84,"column":0},"end":{"line":126,"column":1}},"16":{"start":{"line":85,"column":2},"end":{"line":85,"column":18}},"17":{"start":{"line":86,"column":2},"end":{"line":125,"column":5}},"18":{"start":{"line":87,"column":4},"end":{"line":87,"column":13}},"19":{"start":{"line":89,"column":4},"end":{"line":102,"column":5}},"20":{"start":{"line":90,"column":6},"end":{"line":94,"column":7}},"21":{"start":{"line":91,"column":8},"end":{"line":93,"column":22}},"22":{"start":{"line":92,"column":10},"end":{"line":92,"column":38}},"23":{"start":{"line":96,"column":6},"end":{"line":100,"column":7}},"24":{"start":{"line":97,"column":8},"end":{"line":97,"column":81}},"25":{"start":{"line":98,"column":13},"end":{"line":100,"column":7}},"26":{"start":{"line":99,"column":8},"end":{"line":99,"column":75}},"27":{"start":{"line":101,"column":6},"end":{"line":101,"column":79}},"28":{"start":{"line":104,"column":4},"end":{"line":108,"column":5}},"29":{"start":{"line":105,"column":6},"end":{"line":105,"column":30}},"30":{"start":{"line":107,"column":6},"end":{"line":107,"column":61}},"31":{"start":{"line":110,"column":4},"end":{"line":110,"column":16}},"32":{"start":{"line":111,"column":4},"end":{"line":118,"column":5}},"33":{"start":{"line":113,"column":6},"end":{"line":113,"column":42}},"34":{"start":{"line":114,"column":6},"end":{"line":114,"column":12}},"35":{"start":{"line":116,"column":6},"end":{"line":116,"column":46}},"36":{"start":{"line":117,"column":6},"end":{"line":117,"column":12}},"37":{"start":{"line":120,"column":4},"end":{"line":120,"column":33}},"38":{"start":{"line":121,"column":4},"end":{"line":121,"column":24}},"39":{"start":{"line":122,"column":4},"end":{"line":122,"column":25}},"40":{"start":{"line":124,"column":4},"end":{"line":124,"column":24}},"41":{"start":{"line":136,"column":0},"end":{"line":195,"column":1}},"42":{"start":{"line":137,"column":2},"end":{"line":137,"column":18}},"43":{"start":{"line":140,"column":2},"end":{"line":142,"column":3}},"44":{"start":{"line":141,"column":4},"end":{"line":141,"column":47}},"45":{"start":{"line":143,"column":2},"end":{"line":145,"column":3}},"46":{"start":{"line":144,"column":4},"end":{"line":144,"column":38}},"47":{"start":{"line":146,"column":2},"end":{"line":148,"column":3}},"48":{"start":{"line":147,"column":4},"end":{"line":147,"column":45}},"49":{"start":{"line":149,"column":2},"end":{"line":151,"column":3}},"50":{"start":{"line":150,"column":4},"end":{"line":150,"column":44}},"51":{"start":{"line":154,"column":2},"end":{"line":158,"column":3}},"52":{"start":{"line":157,"column":4},"end":{"line":157,"column":40}},"53":{"start":{"line":161,"column":2},"end":{"line":166,"column":3}},"54":{"start":{"line":165,"column":4},"end":{"line":165,"column":54}},"55":{"start":{"line":169,"column":2},"end":{"line":175,"column":3}},"56":{"start":{"line":174,"column":4},"end":{"line":174,"column":70}},"57":{"start":{"line":178,"column":2},"end":{"line":182,"column":3}},"58":{"start":{"line":181,"column":4},"end":{"line":181,"column":49}},"59":{"start":{"line":185,"column":2},"end":{"line":187,"column":3}},"60":{"start":{"line":186,"column":4},"end":{"line":186,"column":55}},"61":{"start":{"line":188,"column":2},"end":{"line":192,"column":3}},"62":{"start":{"line":191,"column":4},"end":{"line":191,"column":39}},"63":{"start":{"line":194,"column":2},"end":{"line":194,"column":16}},"64":{"start":{"line":201,"column":0},"end":{"line":201,"column":26}}},"branchMap":{"1":{"line":50,"type":"binary-expr","locations":[{"start":{"line":50,"column":12},"end":{"line":50,"column":19}},{"start":{"line":50,"column":23},"end":{"line":50,"column":25}}]},"2":{"line":51,"type":"binary-expr","locations":[{"start":{"line":51,"column":29},"end":{"line":51,"column":53}},{"start":{"line":51,"column":57},"end":{"line":51,"column":103}}]},"3":{"line":52,"type":"binary-expr","locations":[{"start":{"line":52,"column":21},"end":{"line":52,"column":37}},{"start":{"line":52,"column":41},"end":{"line":52,"column":85}}]},"4":{"line":56,"type":"binary-expr","locations":[{"start":{"line":56,"column":25},"end":{"line":56,"column":47}},{"start":{"line":56,"column":51},"end":{"line":56,"column":98}}]},"5":{"line":59,"type":"if","locations":[{"start":{"line":59,"column":2},"end":{"line":59,"column":2}},{"start":{"line":59,"column":2},"end":{"line":59,"column":2}}]},"6":{"line":89,"type":"if","locations":[{"start":{"line":89,"column":4},"end":{"line":89,"column":4}},{"start":{"line":89,"column":4},"end":{"line":89,"column":4}}]},"7":{"line":90,"type":"if","locations":[{"start":{"line":90,"column":6},"end":{"line":90,"column":6}},{"start":{"line":90,"column":6},"end":{"line":90,"column":6}}]},"8":{"line":96,"type":"if","locations":[{"start":{"line":96,"column":6},"end":{"line":96,"column":6}},{"start":{"line":96,"column":6},"end":{"line":96,"column":6}}]},"9":{"line":96,"type":"binary-expr","locations":[{"start":{"line":96,"column":10},"end":{"line":96,"column":14}},{"start":{"line":96,"column":18},"end":{"line":96,"column":28}},{"start":{"line":96,"column":32},"end":{"line":96,"column":50}}]},"10":{"line":98,"type":"if","locations":[{"start":{"line":98,"column":13},"end":{"line":98,"column":13}},{"start":{"line":98,"column":13},"end":{"line":98,"column":13}}]},"11":{"line":98,"type":"binary-expr","locations":[{"start":{"line":98,"column":17},"end":{"line":98,"column":21}},{"start":{"line":98,"column":25},"end":{"line":98,"column":35}},{"start":{"line":98,"column":39},"end":{"line":98,"column":61}}]},"12":{"line":111,"type":"switch","locations":[{"start":{"line":112,"column":4},"end":{"line":114,"column":12}},{"start":{"line":115,"column":4},"end":{"line":117,"column":12}}]},"13":{"line":140,"type":"if","locations":[{"start":{"line":140,"column":2},"end":{"line":140,"column":2}},{"start":{"line":140,"column":2},"end":{"line":140,"column":2}}]},"14":{"line":143,"type":"if","locations":[{"start":{"line":143,"column":2},"end":{"line":143,"column":2}},{"start":{"line":143,"column":2},"end":{"line":143,"column":2}}]},"15":{"line":146,"type":"if","locations":[{"start":{"line":146,"column":2},"end":{"line":146,"column":2}},{"start":{"line":146,"column":2},"end":{"line":146,"column":2}}]},"16":{"line":149,"type":"if","locations":[{"start":{"line":149,"column":2},"end":{"line":149,"column":2}},{"start":{"line":149,"column":2},"end":{"line":149,"column":2}}]},"17":{"line":154,"type":"if","locations":[{"start":{"line":154,"column":2},"end":{"line":154,"column":2}},{"start":{"line":154,"column":2},"end":{"line":154,"column":2}}]},"18":{"line":161,"type":"if","locations":[{"start":{"line":161,"column":2},"end":{"line":161,"column":2}},{"start":{"line":161,"column":2},"end":{"line":161,"column":2}}]},"19":{"line":161,"type":"binary-expr","locations":[{"start":{"line":161,"column":6},"end":{"line":161,"column":26}},{"start":{"line":161,"column":30},"end":{"line":161,"column":40}}]},"20":{"line":165,"type":"binary-expr","locations":[{"start":{"line":165,"column":19},"end":{"line":165,"column":39}},{"start":{"line":165,"column":43},"end":{"line":165,"column":53}}]},"21":{"line":169,"type":"if","locations":[{"start":{"line":169,"column":2},"end":{"line":169,"column":2}},{"start":{"line":169,"column":2},"end":{"line":169,"column":2}}]},"22":{"line":178,"type":"if","locations":[{"start":{"line":178,"column":2},"end":{"line":178,"column":2}},{"start":{"line":178,"column":2},"end":{"line":178,"column":2}}]},"23":{"line":185,"type":"if","locations":[{"start":{"line":185,"column":2},"end":{"line":185,"column":2}},{"start":{"line":185,"column":2},"end":{"line":185,"column":2}}]},"24":{"line":188,"type":"if","locations":[{"start":{"line":188,"column":2},"end":{"line":188,"column":2}},{"start":{"line":188,"column":2},"end":{"line":188,"column":2}}]}}},"/Users/jaredhanson/Projects/node/passport-google-oauth2/lib/profile/googleplus.js":{"path":"/Users/jaredhanson/Projects/node/passport-google-oauth2/lib/profile/googleplus.js","s":{"1":1,"2":6,"3":5,"4":6,"5":6,"6":6,"7":6,"8":5,"9":6,"10":2,"11":2,"12":2,"13":6,"14":5,"15":6,"16":6},"b":{"1":[5,1],"2":[5,1],"3":[2,4],"4":[5,1]},"f":{"1":6},"fnMap":{"1":{"name":"(anonymous_1)","line":22,"loc":{"start":{"line":22,"column":16},"end":{"line":22,"column":31}}}},"statementMap":{"1":{"start":{"line":22,"column":0},"end":{"line":47,"column":2}},"2":{"start":{"line":23,"column":2},"end":{"line":25,"column":3}},"3":{"start":{"line":24,"column":4},"end":{"line":24,"column":28}},"4":{"start":{"line":27,"column":2},"end":{"line":28,"column":13}},"5":{"start":{"line":29,"column":2},"end":{"line":29,"column":23}},"6":{"start":{"line":30,"column":2},"end":{"line":30,"column":41}},"7":{"start":{"line":31,"column":2},"end":{"line":34,"column":3}},"8":{"start":{"line":32,"column":4},"end":{"line":33,"column":54}},"9":{"start":{"line":35,"column":2},"end":{"line":40,"column":3}},"10":{"start":{"line":36,"column":4},"end":{"line":36,"column":24}},"11":{"start":{"line":37,"column":4},"end":{"line":39,"column":5}},"12":{"start":{"line":38,"column":6},"end":{"line":38,"column":85}},"13":{"start":{"line":41,"column":2},"end":{"line":43,"column":3}},"14":{"start":{"line":42,"column":4},"end":{"line":42,"column":49}},"15":{"start":{"line":44,"column":2},"end":{"line":44,"column":31}},"16":{"start":{"line":46,"column":2},"end":{"line":46,"column":17}}},"branchMap":{"1":{"line":23,"type":"if","locations":[{"start":{"line":23,"column":2},"end":{"line":23,"column":2}},{"start":{"line":23,"column":2},"end":{"line":23,"column":2}}]},"2":{"line":31,"type":"if","locations":[{"start":{"line":31,"column":2},"end":{"line":31,"column":2}},{"start":{"line":31,"column":2},"end":{"line":31,"column":2}}]},"3":{"line":35,"type":"if","locations":[{"start":{"line":35,"column":2},"end":{"line":35,"column":2}},{"start":{"line":35,"column":2},"end":{"line":35,"column":2}}]},"4":{"line":41,"type":"if","locations":[{"start":{"line":41,"column":2},"end":{"line":41,"column":2}},{"start":{"line":41,"column":2},"end":{"line":41,"column":2}}]}}},"/Users/jaredhanson/Projects/node/passport-google-oauth2/lib/profile/openid.js":{"path":"/Users/jaredhanson/Projects/node/passport-google-oauth2/lib/profile/openid.js","s":{"1":1,"2":5,"3":4,"4":5,"5":5,"6":5,"7":5,"8":3,"9":5,"10":2,"11":5,"12":4,"13":5},"b":{"1":[4,1],"2":[3,2],"3":[5,2],"4":[2,3],"5":[4,1]},"f":{"1":5},"fnMap":{"1":{"name":"(anonymous_1)","line":20,"loc":{"start":{"line":20,"column":16},"end":{"line":20,"column":31}}}},"statementMap":{"1":{"start":{"line":20,"column":0},"end":{"line":40,"column":2}},"2":{"start":{"line":21,"column":2},"end":{"line":23,"column":3}},"3":{"start":{"line":22,"column":4},"end":{"line":22,"column":28}},"4":{"start":{"line":25,"column":2},"end":{"line":25,"column":19}},"5":{"start":{"line":26,"column":2},"end":{"line":26,"column":24}},"6":{"start":{"line":27,"column":2},"end":{"line":27,"column":34}},"7":{"start":{"line":28,"column":2},"end":{"line":31,"column":3}},"8":{"start":{"line":29,"column":4},"end":{"line":30,"column":50}},"9":{"start":{"line":32,"column":2},"end":{"line":34,"column":3}},"10":{"start":{"line":33,"column":4},"end":{"line":33,"column":78}},"11":{"start":{"line":35,"column":2},"end":{"line":37,"column":3}},"12":{"start":{"line":36,"column":4},"end":{"line":36,"column":47}},"13":{"start":{"line":39,"column":2},"end":{"line":39,"column":17}}},"branchMap":{"1":{"line":21,"type":"if","locations":[{"start":{"line":21,"column":2},"end":{"line":21,"column":2}},{"start":{"line":21,"column":2},"end":{"line":21,"column":2}}]},"2":{"line":28,"type":"if","locations":[{"start":{"line":28,"column":2},"end":{"line":28,"column":2}},{"start":{"line":28,"column":2},"end":{"line":28,"column":2}}]},"3":{"line":28,"type":"binary-expr","locations":[{"start":{"line":28,"column":6},"end":{"line":28,"column":22}},{"start":{"line":28,"column":26},"end":{"line":28,"column":41}}]},"4":{"line":32,"type":"if","locations":[{"start":{"line":32,"column":2},"end":{"line":32,"column":2}},{"start":{"line":32,"column":2},"end":{"line":32,"column":2}}]},"5":{"line":35,"type":"if","locations":[{"start":{"line":35,"column":2},"end":{"line":35,"column":2}},{"start":{"line":35,"column":2},"end":{"line":35,"column":2}}]}}},"/Users/jaredhanson/Projects/node/passport-google-oauth2/lib/errors/googleplusapierror.js":{"path":"/Users/jaredhanson/Projects/node/passport-google-oauth2/lib/errors/googleplusapierror.js","s":{"1":1,"2":1,"3":1,"4":1,"5":1,"6":1,"7":1,"8":1},"b":{},"f":{"1":1},"fnMap":{"1":{"name":"GooglePlusAPIError","line":12,"loc":{"start":{"line":12,"column":0},"end":{"line":12,"column":43}}}},"statementMap":{"1":{"start":{"line":12,"column":0},"end":{"line":18,"column":1}},"2":{"start":{"line":13,"column":2},"end":{"line":13,"column":19}},"3":{"start":{"line":14,"column":2},"end":{"line":14,"column":50}},"4":{"start":{"line":15,"column":2},"end":{"line":15,"column":35}},"5":{"start":{"line":16,"column":2},"end":{"line":16,"column":25}},"6":{"start":{"line":17,"column":2},"end":{"line":17,"column":19}},"7":{"start":{"line":21,"column":0},"end":{"line":21,"column":57}},"8":{"start":{"line":25,"column":0},"end":{"line":25,"column":36}}},"branchMap":{}},"/Users/jaredhanson/Projects/node/passport-google-oauth2/lib/errors/userinfoerror.js":{"path":"/Users/jaredhanson/Projects/node/passport-google-oauth2/lib/errors/userinfoerror.js","s":{"1":1,"2":1,"3":1,"4":1,"5":1,"6":1,"7":1,"8":1},"b":{},"f":{"1":1},"fnMap":{"1":{"name":"UserInfoError","line":9,"loc":{"start":{"line":9,"column":0},"end":{"line":9,"column":38}}}},"statementMap":{"1":{"start":{"line":9,"column":0},"end":{"line":15,"column":1}},"2":{"start":{"line":10,"column":2},"end":{"line":10,"column":19}},"3":{"start":{"line":11,"column":2},"end":{"line":11,"column":50}},"4":{"start":{"line":12,"column":2},"end":{"line":12,"column":30}},"5":{"start":{"line":13,"column":2},"end":{"line":13,"column":25}},"6":{"start":{"line":14,"column":2},"end":{"line":14,"column":19}},"7":{"start":{"line":18,"column":0},"end":{"line":18,"column":52}},"8":{"start":{"line":22,"column":0},"end":{"line":22,"column":31}}},"branchMap":{}},"/Users/jaredhanson/Projects/node/passport-google-oauth2/lib/index.js":{"path":"/Users/jaredhanson/Projects/node/passport-google-oauth2/lib/index.js","s":{"1":1,"2":1,"3":1},"b":{},"f":{},"fnMap":{},"statementMap":{"1":{"start":{"line":2,"column":0},"end":{"line":2,"column":37}},"2":{"start":{"line":6,"column":0},"end":{"line":6,"column":36}},"3":{"start":{"line":9,"column":0},"end":{"line":9,"column":28}}},"branchMap":{}}}